#
# There is insufficient memory for the Java Runtime Environment to continue.
# Native memory allocation (mmap) failed to map 4194304 bytes for G1 virtual space
# Possible reasons:
#   The system is out of physical RAM or swap space
#   The process is running with CompressedOops enabled, and the Java Heap may be blocking the growth of the native heap
# Possible solutions:
#   Reduce memory load on the system
#   Increase physical memory or swap space
#   Check if swap backing store is full
#   Decrease Java heap size (-Xmx/-Xms)
#   Decrease number of Java threads
#   Decrease Java thread stack sizes (-Xss)
#   Set larger code cache with -XX:ReservedCodeCacheSize=
#   JVM is running with Zero Based Compressed Oops mode in which the Java heap is
#     placed in the first 32GB address space. The Java Heap base address is the
#     maximum limit for the native heap growth. Please use -XX:HeapBaseMinAddress
#     to set the Java Heap base and to place the Java Heap above 32GB virtual address.
# This output file may be truncated or incomplete.
#
#  Out of Memory Error (os_windows.cpp:3530), pid=32616, tid=13748
#
# JRE version:  (18.0.2.1+1) (build )
# Java VM: Java HotSpot(TM) 64-Bit Server VM (18.0.2.1+1-1, mixed mode, sharing, tiered, compressed oops, compressed class ptrs, g1 gc, windows-amd64)
# No core dump will be written. Minidumps are not enabled by default on client versions of Windows
#

---------------  S U M M A R Y ------------

Command Line: -Dclassworlds.conf=C:\Program Files\NetBeans-15\netbeans\java\maven\bin\m2.conf -Dmaven.home=C:\Program Files\NetBeans-15\netbeans\java\maven -Dlibrary.jansi.path=C:\Program Files\NetBeans-15\netbeans\java\maven\lib\jansi-native -Dmaven.multiModuleProjectDirectory=C:\Users\jrg71\OneDrive\Escritorio\Proyecto\SC202_ProyectoProgramacion_2022-main\ProyectoFinal_SistemaDeVentaDeVerduleria org.codehaus.plexus.classworlds.launcher.Launcher -Dexec.vmArgs= -Dexec.args=${exec.vmArgs} -classpath %classpath ${exec.mainClass} ${exec.appArgs} -Dexec.appArgs= -Dexec.mainClass=sc202.proyectofinal_sistemadeventadeverduleria.ProyectoFinal_SistemaDeVentaDeVerduleria -Dexec.executable=C:\Program Files\Java\jdk-18.0.2.1\bin\java.exe -Dmaven.ext.class.path=C:\Program Files\NetBeans-15\netbeans\java\maven-nblib\netbeans-eventspy.jar org.codehaus.mojo:exec-maven-plugin:3.0.0:exec

Host: AMD Ryzen 5 3600XT 6-Core Processor            , 12 cores, 15G,  Windows 11 , 64 bit Build 22621 (10.0.22621.755)
Time: Wed Dec 14 22:09:34 2022 Central America Standard Time elapsed time: 0.009324 seconds (0d 0h 0m 0s)

---------------  T H R E A D  ---------------

Current thread (0x000001c801ae3b30):  JavaThread "Unknown thread" [_thread_in_vm, id=13748, stack(0x000000b096000000,0x000000b096100000)]

Stack: [0x000000b096000000,0x000000b096100000]
Native frames: (J=compiled Java code, j=interpreted, Vv=VM code, C=native code)
V  [jvm.dll+0x6993aa]
V  [jvm.dll+0x7f46dd]
V  [jvm.dll+0x7f5fee]
V  [jvm.dll+0x7f66a3]
V  [jvm.dll+0x25cf1f]
V  [jvm.dll+0x6962f9]
V  [jvm.dll+0x68ae2a]
V  [jvm.dll+0x32255b]
V  [jvm.dll+0x329f36]
V  [jvm.dll+0x37eaf3]
V  [jvm.dll+0x37ed0f]
V  [jvm.dll+0x2fa2da]
V  [jvm.dll+0x2fb33d]
V  [jvm.dll+0x7c3310]
V  [jvm.dll+0x38be61]
V  [jvm.dll+0x7a2023]
V  [jvm.dll+0x40dc3f]
V  [jvm.dll+0x40f611]
C  [jli.dll+0x526b]
C  [ucrtbase.dll+0x29363]
C  [KERNEL32.DLL+0x1244d]
C  [ntdll.dll+0x5dfb8]


---------------  P R O C E S S  ---------------

Threads class SMR info:
_java_thread_list=0x00007ffe6126e550, length=0, elements={
}

Java Threads: ( => current thread )

Other Threads:
  0x000001c801b531e0 WorkerThread "GC Thread#0" [stack: 0x000000b096100000,0x000000b096200000] [id=33120]
  0x000001c801b650d0 ConcurrentGCThread "G1 Main Marker" [stack: 0x000000b096200000,0x000000b096300000] [id=31468]
  0x000001c801b67180 WorkerThread "G1 Conc#0" [stack: 0x000000b096300000,0x000000b096400000] [id=30788]

[error occurred during error reporting (printing all threads), id 0xc0000005, EXCEPTION_ACCESS_VIOLATION (0xc0000005) at pc=0x00007ffe60a9a877]

VM state: not at safepoint (not fully initialized)

VM Mutex/Monitor currently owned by a thread:  ([mutex/lock_event])
[0x000001c801adfbe0] Heap_lock - owner thread: 0x000001c801ae3b30

Heap address: 0x0000000700c00000, size: 4084 MB, Compressed Oops mode: Zero based, Oop shift amount: 3

CDS archive(s) mapped at: [0x0000000000000000-0x0000000000000000-0x0000000000000000), size 0, SharedBaseAddress: 0x0000000800000000, ArchiveRelocationMode: 0.
Narrow klass base: 0x0000000000000000, Narrow klass shift: 0, Narrow klass range: 0x0

GC Precious Log:
 CardTable entry size: 512
 Card Set container configuration: InlinePtr #cards 4 size 8 Array Of Cards #cards 16 size 48 Howl #buckets 8 coarsen threshold 3686 Howl Bitmap #cards 512 size 80 coarsen threshold 460 Card regions per heap region 1 cards per card region 4096

Heap:
 garbage-first heap   total 0K, used 0K [0x0000000700c00000, 0x0000000800000000)
  region size 2048K, 0 young (0K), 0 survivors (0K)

[error occurred during error reporting (printing heap information), id 0xc0000005, EXCEPTION_ACCESS_VIOLATION (0xc0000005) at pc=0x00007ffe60e81839]

GC Heap History (0 events):
No events

Deoptimization events (0 events):
No events

Classes loaded (0 events):
No events

Classes unloaded (0 events):
No events

Classes redefined (0 events):
No events

Internal exceptions (0 events):
No events

VM Operations (0 events):
No events

Events (1 events):
Event: 0.005 Loaded shared library C:\Program Files\Java\jdk-18.0.2.1\bin\java.dll


Dynamic libraries:
0x00007ff6e6d20000 - 0x00007ff6e6d30000 	C:\Program Files\Java\jdk-18.0.2.1\bin\java.exe
0x00007ffee83b0000 - 0x00007ffee85c4000 	C:\WINDOWS\SYSTEM32\ntdll.dll
0x00007ffee6640000 - 0x00007ffee6702000 	C:\WINDOWS\System32\KERNEL32.DLL
0x00007ffee5a90000 - 0x00007ffee5e2d000 	C:\WINDOWS\System32\KERNELBASE.dll
0x00007ffee5eb0000 - 0x00007ffee5fc1000 	C:\WINDOWS\System32\ucrtbase.dll
0x00007ffee0b60000 - 0x00007ffee0b7a000 	C:\Program Files\Java\jdk-18.0.2.1\bin\VCRUNTIME140.dll
0x00007ffeda920000 - 0x00007ffeda938000 	C:\Program Files\Java\jdk-18.0.2.1\bin\jli.dll
0x00007ffee7b80000 - 0x00007ffee7c2e000 	C:\WINDOWS\System32\ADVAPI32.dll
0x00007ffee81a0000 - 0x00007ffee8247000 	C:\WINDOWS\System32\msvcrt.dll
0x00007ffee67c0000 - 0x00007ffee6864000 	C:\WINDOWS\System32\sechost.dll
0x00007ffee6870000 - 0x00007ffee6985000 	C:\WINDOWS\System32\RPCRT4.dll
0x00007ffee6990000 - 0x00007ffee6b3a000 	C:\WINDOWS\System32\USER32.dll
0x00007ffee5a60000 - 0x00007ffee5a86000 	C:\WINDOWS\System32\win32u.dll
0x00007ffed1a10000 - 0x00007ffed1c9e000 	C:\WINDOWS\WinSxS\amd64_microsoft.windows.common-controls_6595b64144ccf1df_6.0.22621.608_none_a9444ca7c10bb01d\COMCTL32.dll
0x00007ffee74b0000 - 0x00007ffee74d9000 	C:\WINDOWS\System32\GDI32.dll
0x00007ffee6090000 - 0x00007ffee61a2000 	C:\WINDOWS\System32\gdi32full.dll
0x00007ffee59c0000 - 0x00007ffee5a5a000 	C:\WINDOWS\System32\msvcp_win.dll
0x00007ffedead0000 - 0x00007ffedeada000 	C:\WINDOWS\SYSTEM32\VERSION.dll
0x00007ffee7dd0000 - 0x00007ffee7e02000 	C:\WINDOWS\System32\IMM32.DLL
0x00007ffee2c10000 - 0x00007ffee2c1c000 	C:\Program Files\Java\jdk-18.0.2.1\bin\vcruntime140_1.dll
0x00007ffed6510000 - 0x00007ffed659d000 	C:\Program Files\Java\jdk-18.0.2.1\bin\msvcp140.dll
0x00007ffe60790000 - 0x00007ffe613a1000 	C:\Program Files\Java\jdk-18.0.2.1\bin\server\jvm.dll
0x00007ffee7cc0000 - 0x00007ffee7cc8000 	C:\WINDOWS\System32\PSAPI.DLL
0x00007ffedc3d0000 - 0x00007ffedc404000 	C:\WINDOWS\SYSTEM32\WINMM.dll
0x00007ffe91340000 - 0x00007ffe91349000 	C:\WINDOWS\SYSTEM32\WSOCK32.dll
0x00007ffee6b70000 - 0x00007ffee6be1000 	C:\WINDOWS\System32\WS2_32.dll
0x00007ffee4940000 - 0x00007ffee4958000 	C:\WINDOWS\SYSTEM32\kernel.appcore.dll
0x00007ffee2920000 - 0x00007ffee292a000 	C:\Program Files\Java\jdk-18.0.2.1\bin\jimage.dll
0x00007ffedc6a0000 - 0x00007ffedc8ce000 	C:\WINDOWS\SYSTEM32\DBGHELP.DLL
0x00007ffee7e10000 - 0x00007ffee819a000 	C:\WINDOWS\System32\combase.dll
0x00007ffee73d0000 - 0x00007ffee74a7000 	C:\WINDOWS\System32\OLEAUT32.dll
0x00007ffed14e0000 - 0x00007ffed1512000 	C:\WINDOWS\SYSTEM32\dbgcore.DLL
0x00007ffee5e30000 - 0x00007ffee5eab000 	C:\WINDOWS\System32\bcryptPrimitives.dll
0x00007ffedebb0000 - 0x00007ffedebd5000 	C:\Program Files\Java\jdk-18.0.2.1\bin\java.dll

dbghelp: loaded successfully - version: 4.0.5 - missing functions: none
symbol engine: initialized successfully - sym options: 0x614 - pdb path: .;C:\Program Files\Java\jdk-18.0.2.1\bin;C:\WINDOWS\SYSTEM32;C:\WINDOWS\WinSxS\amd64_microsoft.windows.common-controls_6595b64144ccf1df_6.0.22621.608_none_a9444ca7c10bb01d;C:\Program Files\Java\jdk-18.0.2.1\bin\server

VM Arguments:
jvm_args: -Dclassworlds.conf=C:\Program Files\NetBeans-15\netbeans\java\maven\bin\m2.conf -Dmaven.home=C:\Program Files\NetBeans-15\netbeans\java\maven -Dlibrary.jansi.path=C:\Program Files\NetBeans-15\netbeans\java\maven\lib\jansi-native -Dmaven.multiModuleProjectDirectory=C:\Users\jrg71\OneDrive\Escritorio\Proyecto\SC202_ProyectoProgramacion_2022-main\ProyectoFinal_SistemaDeVentaDeVerduleria 
java_command: org.codehaus.plexus.classworlds.launcher.Launcher -Dexec.vmArgs= -Dexec.args=${exec.vmArgs} -classpath %classpath ${exec.mainClass} ${exec.appArgs} -Dexec.appArgs= -Dexec.mainClass=sc202.proyectofinal_sistemadeventadeverduleria.ProyectoFinal_SistemaDeVentaDeVerduleria -Dexec.executable=C:\Program Files\Java\jdk-18.0.2.1\bin\java.exe -Dmaven.ext.class.path=C:\Program Files\NetBeans-15\netbeans\java\maven-nblib\netbeans-eventspy.jar org.codehaus.mojo:exec-maven-plugin:3.0.0:exec
java_class_path (initial): C:\Program Files\NetBeans-15\netbeans\java\maven\boot\plexus-classworlds-2.6.0.jar
Launcher Type: SUN_STANDARD

[Global flags]
     intx CICompilerCount                          = 4                                         {product} {ergonomic}
     uint ConcGCThreads                            = 3                                         {product} {ergonomic}
     uint G1ConcRefinementThreads                  = 10                                        {product} {ergonomic}
   size_t G1HeapRegionSize                         = 2097152                                   {product} {ergonomic}
    uintx GCDrainStackTargetSize                   = 64                                        {product} {ergonomic}
   size_t InitialHeapSize                          = 268435456                                 {product} {ergonomic}
   size_t MarkStackSize                            = 4194304                                   {product} {ergonomic}
   size_t MaxHeapSize                              = 4282384384                                {product} {ergonomic}
   size_t MinHeapDeltaBytes                        = 2097152                                   {product} {ergonomic}
   size_t MinHeapSize                              = 8388608                                   {product} {ergonomic}
    uintx NonNMethodCodeHeapSize                   = 5839372                                {pd product} {ergonomic}
    uintx NonProfiledCodeHeapSize                  = 122909434                              {pd product} {ergonomic}
    uintx ProfiledCodeHeapSize                     = 122909434                              {pd product} {ergonomic}
    uintx ReservedCodeCacheSize                    = 251658240                              {pd product} {ergonomic}
     bool SegmentedCodeCache                       = true                                      {product} {ergonomic}
   size_t SoftMaxHeapSize                          = 4282384384                             {manageable} {ergonomic}
     bool UseCompressedClassPointers               = true                           {product lp64_product} {ergonomic}
     bool UseCompressedOops                        = true                           {product lp64_product} {ergonomic}
     bool UseG1GC                                  = true                                      {product} {ergonomic}
     bool UseLargePagesIndividualAllocation        = false                                  {pd product} {ergonomic}

Logging:
Log output configuration:
 #0: stdout all=warning uptime,level,tags foldmultilines=false
 #1: stderr all=off uptime,level,tags foldmultilines=false

Environment Variables:
JAVA_HOME=C:\Program Files\Java\jdk-18.0.2.1
PATH=C:\Program Files (x86)\Razer\ChromaBroadcast\bin;C:\Program Files\Razer\ChromaBroadcast\bin;C:\Program Files (x86)\Common Files\Intel\Shared Libraries\redist\intel64\compiler;C:\Program Files\Common Files\Oracle\Java\javapath;C:\Program Files (x86)\Common Files\Oracle\Java\javapath;C:\WINDOWS\system32;C:\WINDOWS;C:\WINDOWS\System32\Wbem;C:\WINDOWS\System32\WindowsPowerShell\v1.0\;C:\WINDOWS\System32\OpenSSH\;C:\Program Files\Microsoft SQL Server\150\Tools\Binn\;C:\Program Files\Git\cmd;C:\WINDOWS\system32\config\systemprofile\AppData\Local\Microsoft\WindowsApps;C:\Program Files\MySQL\MySQL Shell 8.0\bin\;C:\Users\jrg71\AppData\Local\Microsoft\WindowsApps;C:\Users\jrg71\AppData\Local\Programs\Microsoft VS Code\bin;C:\Users\jrg71\AppData\Local\GitHubDesktop\bin
USERNAME=jrg71
OS=Windows_NT
PROCESSOR_IDENTIFIER=AMD64 Family 23 Model 113 Stepping 0, AuthenticAMD



---------------  S Y S T E M  ---------------

OS:
 Windows 11 , 64 bit Build 22621 (10.0.22621.755)
OS uptime: 3 days 6:21 hours

CPU: total 12 (initial active 12) (12 cores per cpu, 2 threads per core) family 23 model 113 stepping 0 microcode 0x0, cx8, cmov, fxsr, ht, mmx, 3dnowpref, sse, sse2, sse3, ssse3, sse4a, sse4.1, sse4.2, popcnt, lzcnt, tsc, tscinvbit, avx, avx2, aes, clmul, bmi1, bmi2, adx, sha, fma, vzeroupper, clflush, clflushopt

Memory: 4k page, system-wide physical 16328M (5842M free)
TotalPageFile size 25893M (AvailPageFile size 5M)
current process WorkingSet (physical memory assigned to process): 11M, peak: 11M
current process commit charge ("private bytes"): 321M, peak: 325M

vm_info: Java HotSpot(TM) 64-Bit Server VM (18.0.2.1+1-1) for windows-amd64 JRE (18.0.2.1+1-1), built on Aug 16 2022 01:46:33 by "mach5one" with MS VC++ 16.8 / 16.9 (VS2019)

END.
